info it worked if it ends with ok
verbose cli [ 'node',
verbose cli   '/usr/local/bin/npm',
verbose cli   'publish',
verbose cli   'https://github.com/scottcorgan/wilson.js/tarball/master' ]
info using npm@1.0.105
info using node@v0.6.1
verbose /usr/local/bin/node node symlink
verbose config file /Users/scottcorgan/.npmrc
verbose config file /usr/local/etc/npmrc
verbose config file /usr/local/lib/node_modules/npm/npmrc
verbose publish [ 'https://github.com/scottcorgan/wilson.js/tarball/master' ]
verbose cache add [ 'https://github.com/scottcorgan/wilson.js/tarball/master',
verbose cache add   null ]
silly cache add: name, spec, args [ undefined,
silly cache add: name, spec, args   'https://github.com/scottcorgan/wilson.js/tarball/master',
silly cache add: name, spec, args   [ 'https://github.com/scottcorgan/wilson.js/tarball/master',
silly cache add: name, spec, args     null ] ]
verbose parsed url { protocol: 'https:',
verbose parsed url   slashes: true,
verbose parsed url   host: 'github.com',
verbose parsed url   hostname: 'github.com',
verbose parsed url   href: 'https://github.com/scottcorgan/wilson.js/tarball/master',
verbose parsed url   pathname: '/scottcorgan/wilson.js/tarball/master',
verbose parsed url   path: '/scottcorgan/wilson.js/tarball/master' }
verbose addRemoteTarball [ 'https://github.com/scottcorgan/wilson.js/tarball/master',
verbose addRemoteTarball   null ]
verbose mkdir (expected) error ENOENT, no such file or directory '/var/folders/k9/29gcmj2d10j44khjt4phcfr80000gn/T/npm-1333735434193'
verbose mkdir (expected) error ENOENT, no such file or directory '/var/folders/k9/29gcmj2d10j44khjt4phcfr80000gn/T/npm-1333735434193/1333735434193-0.1977205309085548'
verbose mkdir done: /var/folders/k9/29gcmj2d10j44khjt4phcfr80000gn/T/npm-1333735434193/1333735434193-0.1977205309085548 755
info fetch https://github.com/scottcorgan/wilson.js/tarball/master
verbose fetch to /var/folders/k9/29gcmj2d10j44khjt4phcfr80000gn/T/npm-1333735434193/1333735434193-0.1977205309085548/tmp.tgz
verbose mkdir (expected) error ENOENT, no such file or directory '/var/folders/k9/29gcmj2d10j44khjt4phcfr80000gn/T/npm-1333735434193/1333735434193-0.1977205309085548/contents'
verbose mkdir (expected) error ENOENT, no such file or directory '/var/folders/k9/29gcmj2d10j44khjt4phcfr80000gn/T/npm-1333735434193/1333735434193-0.1977205309085548/contents/___package.npm'
verbose mkdir done: /var/folders/k9/29gcmj2d10j44khjt4phcfr80000gn/T/npm-1333735434193/1333735434193-0.1977205309085548/contents/___package.npm 755
verbose unpack_ uid, gid [ undefined, undefined ]
verbose unpackTarget /var/folders/k9/29gcmj2d10j44khjt4phcfr80000gn/T/npm-1333735434193/1333735434193-0.1977205309085548/contents/package
silly gunzTarPerm modes [ '755', '644' ]
silly spawning [ 'tar',
silly spawning   [ '-zmvxpf',
silly spawning     '/var/folders/k9/29gcmj2d10j44khjt4phcfr80000gn/T/npm-1333735434193/1333735434193-0.1977205309085548/tmp.tgz' ],
silly spawning   '/var/folders/k9/29gcmj2d10j44khjt4phcfr80000gn/T/npm-1333735434193/1333735434193-0.1977205309085548/contents/___package.npm' ]
silly tar err x scottcorgan-wilson.js-487c570/
silly tar err x scottcorgan-wilson.js-487c570/README.md
silly tar err x scottcorgan-wilson.js-487c570/package.json
silly tar err x scottcorgan-wilson.js-487c570/wilson.js
silly tar err x scottcorgan-wilson.js-487c570/wilson.min.js
silly tar exit 0
silly asyncMap in gTP /var/folders/k9/29gcmj2d10j44khjt4phcfr80000gn/T/npm-1333735434193/1333735434193-0.1977205309085548/contents/___package.npm/scottcorgan-wilson.js-487c570
silly asyncMap in gTP /var/folders/k9/29gcmj2d10j44khjt4phcfr80000gn/T/npm-1333735434193/1333735434193-0.1977205309085548/contents/___package.npm/scottcorgan-wilson.js-487c570/package.json
silly asyncMap in gTP /var/folders/k9/29gcmj2d10j44khjt4phcfr80000gn/T/npm-1333735434193/1333735434193-0.1977205309085548/contents/___package.npm/scottcorgan-wilson.js-487c570/README.md
silly asyncMap in gTP /var/folders/k9/29gcmj2d10j44khjt4phcfr80000gn/T/npm-1333735434193/1333735434193-0.1977205309085548/contents/___package.npm/scottcorgan-wilson.js-487c570/wilson.js
silly asyncMap in gTP /var/folders/k9/29gcmj2d10j44khjt4phcfr80000gn/T/npm-1333735434193/1333735434193-0.1977205309085548/contents/___package.npm/scottcorgan-wilson.js-487c570/wilson.min.js
silly chmod scottcorgan-wilson.js-487c570 755
silly chmod package.json 644
silly chmod README.md 644
silly chmod wilson.js 644
silly chmod wilson.min.js 644
verbose gunzed /var/folders/k9/29gcmj2d10j44khjt4phcfr80000gn/T/npm-1333735434193/1333735434193-0.1977205309085548/contents/___package.npm/scottcorgan-wilson.js-487c570
verbose rm'ed /var/folders/k9/29gcmj2d10j44khjt4phcfr80000gn/T/npm-1333735434193/1333735434193-0.1977205309085548/contents/package
verbose renamed [ '/var/folders/k9/29gcmj2d10j44khjt4phcfr80000gn/T/npm-1333735434193/1333735434193-0.1977205309085548/contents/___package.npm/scottcorgan-wilson.js-487c570',
verbose renamed   '/var/folders/k9/29gcmj2d10j44khjt4phcfr80000gn/T/npm-1333735434193/1333735434193-0.1977205309085548/contents/package' ]
ERR! couldn't unpack /var/folders/k9/29gcmj2d10j44khjt4phcfr80000gn/T/npm-1333735434193/1333735434193-0.1977205309085548/tmp.tgz to /var/folders/k9/29gcmj2d10j44khjt4phcfr80000gn/T/npm-1333735434193/1333735434193-0.1977205309085548/contents
ERR! Failed to parse json
ERR! Unexpected string
ERR! File: /var/folders/k9/29gcmj2d10j44khjt4phcfr80000gn/T/npm-1333735434193/1333735434193-0.1977205309085548/contents/package/package.json
ERR! JSON.parse Failed to parse package.json data.
ERR! JSON.parse package.json must be actual JSON, not just JavaScript.
ERR! JSON.parse This is not a bug in npm.
ERR! JSON.parse Tell the package author to fix their package.json file.
ERR! 
ERR! System Darwin 11.3.0
ERR! command "node" "/usr/local/bin/npm" "publish" "https://github.com/scottcorgan/wilson.js/tarball/master"
ERR! cwd /Users/scottcorgan/Projects/wilson.js
ERR! node -v v0.6.1
ERR! npm -v 1.0.105
ERR! file /var/folders/k9/29gcmj2d10j44khjt4phcfr80000gn/T/npm-1333735434193/1333735434193-0.1977205309085548/contents/package/package.json
ERR! code EJSONPARSE
verbose exit [ 1, true ]
